Building DAG of jobs...
Using shell: /usr/bin/bash
Provided cores: 1 (use --cores to define parallelism)
Rules claiming more threads will be scaled down.
Job stats:
job      count    min threads    max threads
-----  -------  -------------  -------------
all          1              1              1
total        1              1              1

Select jobs to execute...

[Thu Feb 10 09:19:23 2022]
rule all:
    output: teste.out
    jobid: 0
    resources: tmpdir=/tmp

cat  > teste.out
Terminating processes on user request, this might take some time.
[Thu Feb 10 09:19:36 2022]
Error in rule all:
    jobid: 0
    output: teste.out
    shell:
        cat  > teste.out
        (one of the commands exited with non-zero exit code; note that snakemake uses bash strict mode!)

Complete log: /home/thiagobc/Tuxedo2/.snakemake/log/2022-02-10T091922.595087.snakemake.log
