Building DAG of jobs...
Using shell: /usr/bin/bash
Provided cores: 1 (use --cores to define parallelism)
Rules claiming more threads will be scaled down.
Job stats:
job      count    min threads    max threads
-----  -------  -------------  -------------
all          1              1              1
total        1              1              1

Select jobs to execute...

[Thu Feb 10 10:19:54 2022]
rule all:
    jobid: 0
    resources: tmpdir=/tmp

[Thu Feb 10 10:19:54 2022]
Error in rule all:
    jobid: 0

RuleException:
TypeError in line 15 of /home/thiagobc/Tuxedo2/Snakefile:
expected str, got list
  File "/home/thiagobc/Tuxedo2/Snakefile", line 15, in __rule_all
  File "/home/thiagobc/anaconda3/lib/python3.9/string.py", line 161, in format
  File "/home/thiagobc/anaconda3/lib/python3.9/string.py", line 165, in vformat
  File "/home/thiagobc/anaconda3/lib/python3.9/string.py", line 175, in _vformat
  File "/home/thiagobc/anaconda3/lib/python3.9/string.py", line 259, in parse
  File "/home/thiagobc/anaconda3/lib/python3.9/concurrent/futures/thread.py", line 52, in run
Shutting down, this might take some time.
Exiting because a job execution failed. Look above for error message
Complete log: /home/thiagobc/Tuxedo2/.snakemake/log/2022-02-10T101952.392896.snakemake.log
