Building DAG of jobs...
Using shell: /usr/bin/bash
Provided cores: 1 (use --cores to define parallelism)
Rules claiming more threads will be scaled down.
Conda environments: ignored
Job stats:
job            count    min threads    max threads
-----------  -------  -------------  -------------
all                1              1              1
trimmomatic        2              1              1
total              3              1              1

Select jobs to execute...

[Thu Feb 10 13:21:52 2022]
rule trimmomatic:
    input: data/samples/chr21_1.fq
    output: data/samples/trimm/chr21_1.trim.fq
    log: report/trimmomatic/chr21_1.log
    jobid: 1
    wildcards: sample=chr21_1
    resources: tmpdir=/tmp

RuleException in line 13 of /home/thiagobc/Tuxedo2/Snakefile:
'Params' object has no attribute 'trimmomatic'
