Building DAG of jobs...
Using shell: /usr/bin/bash
Provided cores: 1 (use --cores to define parallelism)
Rules claiming more threads will be scaled down.
Job stats:
job            count    min threads    max threads
-----------  -------  -------------  -------------
all                1              1              1
merged_file        1              1              1
total              2              1              1

Select jobs to execute...

[Thu Feb 17 13:39:16 2022]
rule merged_file:
    input: data/samples
    output: data/genome/mergelist.txt
    jobid: 1
    resources: tmpdir=/tmp

[Thu Feb 17 13:39:17 2022]
Error in rule merged_file:
    jobid: 1
    output: data/genome/mergelist.txt

RuleException:
NameError in line 17 of /home/thiagobc/Tuxedo2/workflow/rules/stringtie.smk:
The name 'input' is unknown in this context. Please make sure that you defined that variable. Also note that braces not used for variable access have to be escaped by repeating them, i.e. {{print $1}}
  File "/home/thiagobc/Tuxedo2/workflow/rules/stringtie.smk", line 17, in __rule_merged_file
  File "/home/thiagobc/anaconda3/lib/python3.9/concurrent/futures/thread.py", line 52, in run
Shutting down, this might take some time.
Exiting because a job execution failed. Look above for error message
Complete log: /home/thiagobc/Tuxedo2/.snakemake/log/2022-02-17T133912.012152.snakemake.log
